info it worked if it ends with ok
verbose cli [ 'node', '/usr/local/bin/npm', 'install', 'mime' ]
info using npm@1.0.106
info using node@v0.5.11-pre
verbose config file /home/r/.npmrc
verbose config file /usr/local/etc/npmrc
verbose config file /usr/local/lib/node_modules/npm/npmrc
silly testEngine { name: 'server-example',
silly testEngine   version: '0.0.1',
silly testEngine   dependencies: { express: '2.5.0' },
silly testEngine   _id: 'server-example@0.0.1',
silly testEngine   scripts: { start: 'node server.js' },
silly testEngine   devDependencies: {},
silly testEngine   engines: { node: '*' },
silly testEngine   _engineSupported: true,
silly testEngine   _npmVersion: '1.0.106',
silly testEngine   _nodeVersion: 'v0.5.11-pre',
silly testEngine   _defaultsLoaded: true }
verbose caching /home/r/Level3/FinalYearProject/Programming/Transaction_Engine/package.json
verbose loadDefaults server-example@0.0.1
silly testEngine { name: 'qs',
silly testEngine   description: 'querystring parser',
silly testEngine   version: '0.4.0',
silly testEngine   repository: 
silly testEngine    { type: 'git',
silly testEngine      url: 'git://github.com/visionmedia/node-querystring.git' },
silly testEngine   devDependencies: { mocha: '*', should: '*' },
silly testEngine   author: 
silly testEngine    { name: 'TJ Holowaychuk',
silly testEngine      email: 'tj@vision-media.ca',
silly testEngine      url: 'http://tjholowaychuk.com' },
silly testEngine   main: 'index',
silly testEngine   engines: { node: '*' },
silly testEngine   _id: 'qs@0.4.0',
silly testEngine   dependencies: {},
silly testEngine   _engineSupported: true,
silly testEngine   _npmVersion: '1.0.106',
silly testEngine   _nodeVersion: 'v0.5.11-pre',
silly testEngine   _defaultsLoaded: true }
verbose caching /home/r/Level3/FinalYearProject/Programming/Transaction_Engine/node_modules/qs/package.json
verbose loadDefaults qs@0.4.0
silly testEngine { name: 'formidable',
silly testEngine   version: '1.0.8',
silly testEngine   dependencies: {},
silly testEngine   devDependencies: 
silly testEngine    { gently: '0.8.0',
silly testEngine      findit: '0.1.1',
silly testEngine      hashish: '0.0.4',
silly testEngine      urun: '0.0.4',
silly testEngine      utest: '0.0.3' },
silly testEngine   directories: { lib: './lib' },
silly testEngine   main: './lib/index',
silly testEngine   scripts: { test: 'make test' },
silly testEngine   engines: { node: '*' },
silly testEngine   _id: 'formidable@1.0.8',
silly testEngine   _engineSupported: true,
silly testEngine   _npmVersion: '1.0.106',
silly testEngine   _nodeVersion: 'v0.5.11-pre',
silly testEngine   _defaultsLoaded: true }
verbose caching /home/r/Level3/FinalYearProject/Programming/Transaction_Engine/node_modules/formidable/package.json
verbose loadDefaults formidable@1.0.8
silly testEngine { name: 'socket.io',
silly testEngine   version: '0.8.7',
silly testEngine   description: 'Real-time apps made cross-browser & easy with a WebSocket-like API',
silly testEngine   homepage: 'http://socket.io',
silly testEngine   keywords: [ 'websocket', 'socket', 'realtime', 'socket.io', 'comet', 'ajax' ],
silly testEngine   author: { name: 'Guillermo Rauch', email: 'guillermo@learnboost.com' },
silly testEngine   contributors: 
silly testEngine    [ { name: 'Guillermo Rauch', email: 'rauchg@gmail.com' },
silly testEngine      { name: 'Arnout Kazemier', email: 'info@3rd-eden.com' },
silly testEngine      { name: 'Vladimir Dronnikov', email: 'dronnikov@gmail.com' },
silly testEngine      { name: 'Einar Otto Stangvik', email: 'einaros@gmail.com' } ],
silly testEngine   repository: 
silly testEngine    { type: 'git',
silly testEngine      url: 'git://github.com/LearnBoost/socket.io.git' },
silly testEngine   dependencies: 
silly testEngine    { 'socket.io-client': '0.8.7',
silly testEngine      policyfile: '0.0.4',
silly testEngine      redis: '0.6.7' },
silly testEngine   devDependencies: 
silly testEngine    { expresso: '0.9.2',
silly testEngine      should: '0.0.4',
silly testEngine      assertvanish: '0.0.3-1',
silly testEngine      benchmark: '0.2.2',
silly testEngine      microtime: '0.1.3-1',
silly testEngine      colors: '0.5.1' },
silly testEngine   main: 'index',
silly testEngine   engines: { node: '>= 0.4.0' },
silly testEngine   _id: 'socket.io@0.8.7',
silly testEngine   _engineSupported: true,
silly testEngine   _npmVersion: '1.0.106',
silly testEngine   _nodeVersion: 'v0.5.11-pre',
silly testEngine   _defaultsLoaded: true }
verbose caching /home/r/Level3/FinalYearProject/Programming/Transaction_Engine/node_modules/socket.io/package.json
verbose loadDefaults socket.io@0.8.7
silly testEngine { name: 'express',
silly testEngine   description: 'Sinatra inspired web development framework',
silly testEngine   version: '2.5.2',
silly testEngine   author: { name: 'TJ Holowaychuk', email: 'tj@vision-media.ca' },
silly testEngine   contributors: 
silly testEngine    [ { name: 'TJ Holowaychuk', email: 'tj@vision-media.ca' },
silly testEngine      { name: 'Aaron Heckmann',
silly testEngine        email: 'aaron.heckmann+github@gmail.com' },
silly testEngine      { name: 'Ciaran Jessup', email: 'ciaranj@gmail.com' },
silly testEngine      { name: 'Guillermo Rauch', email: 'rauchg@gmail.com' } ],
silly testEngine   dependencies: 
silly testEngine    { connect: '1.8.x',
silly testEngine      mime: '>= 0.0.1',
silly testEngine      qs: '>= 0.3.1',
silly testEngine      mkdirp: '0.0.7' },
silly testEngine   devDependencies: 
silly testEngine    { 'connect-form': '0.2.1',
silly testEngine      ejs: '0.4.2',
silly testEngine      expresso: '0.9.2',
silly testEngine      hamljs: '0.5.1',
silly testEngine      jade: '0.16.2',
silly testEngine      stylus: '0.13.0',
silly testEngine      should: '0.3.2',
silly testEngine      'express-messages': '0.0.2',
silly testEngine      'node-markdown': '>= 0.0.1',
silly testEngine      'connect-redis': '>= 0.0.1' },
silly testEngine   keywords: [ 'framework', 'sinatra', 'web', 'rest', 'restful' ],
silly testEngine   repository: { type: 'git', url: 'git://github.com/visionmedia/express.git' },
silly testEngine   main: 'index',
silly testEngine   bin: { express: './bin/express' },
silly testEngine   scripts: { test: 'make test', prepublish: 'npm prune' },
silly testEngine   engines: { node: '>= 0.4.1 < 0.7.0' },
silly testEngine   _id: 'express@2.5.2',
silly testEngine   _engineSupported: true,
silly testEngine   _npmVersion: '1.0.106',
silly testEngine   _nodeVersion: 'v0.5.11-pre',
silly testEngine   _defaultsLoaded: true }
verbose caching /home/r/Level3/FinalYearProject/Programming/Transaction_Engine/node_modules/express/package.json
verbose loadDefaults express@2.5.2
silly testEngine { name: 'connect',
silly testEngine   version: '1.8.5',
silly testEngine   description: 'High performance middleware framework',
silly testEngine   keywords: [ 'framework', 'web', 'middleware', 'connect', 'rack' ],
silly testEngine   repository: { type: 'git', url: 'git://github.com/senchalabs/connect.git' },
silly testEngine   author: 
silly testEngine    { name: 'TJ Holowaychuk',
silly testEngine      email: 'tj@vision-media.ca',
silly testEngine      url: 'http://tjholowaychuk.com' },
silly testEngine   dependencies: { qs: '>= 0.4.0', mime: '>= 0.0.1', formidable: '1.0.x' },
silly testEngine   devDependencies: 
silly testEngine    { expresso: '0.9.2',
silly testEngine      koala: '0.1.2',
silly testEngine      less: '1.1.1',
silly testEngine      sass: '0.5.0',
silly testEngine      markdown: '0.2.1',
silly testEngine      ejs: '0.4.3',
silly testEngine      should: '0.3.2' },
silly testEngine   main: 'index',
silly testEngine   engines: { node: '>= 0.4.1 < 0.7.0' },
silly testEngine   _id: 'connect@1.8.5',
silly testEngine   _engineSupported: true,
silly testEngine   _npmVersion: '1.0.106',
silly testEngine   _nodeVersion: 'v0.5.11-pre',
silly testEngine   _defaultsLoaded: true }
verbose caching /home/r/Level3/FinalYearProject/Programming/Transaction_Engine/node_modules/connect/package.json
verbose loadDefaults connect@1.8.5
verbose from cache /home/r/Level3/FinalYearProject/Programming/Transaction_Engine/package.json
verbose into /home/r/Level3/FinalYearProject/Programming/Transaction_Engine [ 'mime' ]
verbose cache add mime
verbose cache add [ 'mime', null ]
silly cache add: name, spec, args [ undefined, 'mime', [ 'mime', null ] ]
verbose parsed url { pathname: 'mime', path: 'mime', href: 'mime' }
info addNamed [ 'mime', '' ]
verbose addNamed [ null, '' ]
verbose GET mime
verbose raw, before any munging mime
verbose url resolving [ 'https://registry.npmjs.org/', './mime' ]
verbose url resolved https://registry.npmjs.org/mime
verbose etag "5I0G8OEKA7FQVO7WOK71KTXKJ"
silly get cb [ 304,
silly get cb   { server: 'CouchDB/1.1.0 (Erlang OTP/R14B04)',
silly get cb     etag: '"5I0G8OEKA7FQVO7WOK71KTXKJ"',
silly get cb     date: 'Fri, 30 Dec 2011 04:48:23 GMT',
silly get cb     'content-length': '0' } ]
verbose etag mime from cache
verbose GET mime/1.2.4
verbose raw, before any munging mime/1.2.4
verbose url resolving [ 'https://registry.npmjs.org/', './mime/1.2.4' ]
verbose url resolved https://registry.npmjs.org/mime/1.2.4
verbose etag "5I0G8OEKA7FQVO7WOK71KTXKJ"
silly get cb [ 304,
silly get cb   { server: 'CouchDB/1.1.0 (Erlang OTP/R14B04)',
silly get cb     etag: '"5I0G8OEKA7FQVO7WOK71KTXKJ"',
silly get cb     date: 'Fri, 30 Dec 2011 04:48:25 GMT',
silly get cb     'content-length': '0' } ]
verbose etag mime/1.2.4 from cache
verbose bin dist [ null,
verbose bin dist   { shasum: '11b5fdaf29c2509255176b80ad520294f5de92b7',
verbose bin dist     tarball: 'http://registry.npmjs.org/mime/-/mime-1.2.4.tgz' } ]
silly testEngine { author: 
silly testEngine    { name: 'Robert Kieffer',
silly testEngine      email: 'robert@broofa.com',
silly testEngine      url: 'http://github.com/broofa' },
silly testEngine   contributors: 
silly testEngine    [ { name: 'Benjamin Thomas',
silly testEngine        email: 'benjamin@benjaminthomas.org',
silly testEngine        url: 'http://github.com/bentomas' } ],
silly testEngine   dependencies: {},
silly testEngine   description: 'A comprehensive library for mime-type mapping',
silly testEngine   devDependencies: { async_testing: '' },
silly testEngine   keywords: [ 'util', 'mime' ],
silly testEngine   main: 'mime.js',
silly testEngine   name: 'mime',
silly testEngine   repository: { url: 'git://github.com/bentomas/node-mime.git', type: 'git' },
silly testEngine   version: '1.2.4',
silly testEngine   _id: 'mime@1.2.4',
silly testEngine   engines: { node: '*' },
silly testEngine   _engineSupported: true,
silly testEngine   _npmVersion: '1.0.106',
silly testEngine   _nodeVersion: 'v0.5.11-pre',
silly testEngine   _defaultsLoaded: true }
verbose caching /home/r/.npm/mime/1.2.4/package/package.json
verbose loadDefaults mime@1.2.4
silly resolved [ { author: 
silly resolved      { name: 'Robert Kieffer',
silly resolved        email: 'robert@broofa.com',
silly resolved        url: 'http://github.com/broofa' },
silly resolved     contributors: 
silly resolved      [ { name: 'Benjamin Thomas',
silly resolved          email: 'benjamin@benjaminthomas.org',
silly resolved          url: 'http://github.com/bentomas' } ],
silly resolved     dependencies: {},
silly resolved     description: 'A comprehensive library for mime-type mapping',
silly resolved     devDependencies: { async_testing: '' },
silly resolved     keywords: [ 'util', 'mime' ],
silly resolved     main: 'mime.js',
silly resolved     name: 'mime',
silly resolved     repository: { url: 'git://github.com/bentomas/node-mime.git', type: 'git' },
silly resolved     version: '1.2.4',
silly resolved     _id: 'mime@1.2.4',
silly resolved     engines: { node: '*' },
silly resolved     _engineSupported: true,
silly resolved     _npmVersion: '1.0.106',
silly resolved     _nodeVersion: 'v0.5.11-pre',
silly resolved     _defaultsLoaded: true } ]
info into /home/r/Level3/FinalYearProject/Programming/Transaction_Engine mime@1.2.4
info installOne mime@1.2.4
info unbuild /home/r/Level3/FinalYearProject/Programming/Transaction_Engine/node_modules/mime
verbose from cache /home/r/.npm/mime/1.2.4/package/package.json
verbose mkdir (expected) error ENOENT, No such file or directory '/home/r/Level3/FinalYearProject/Programming/Transaction_Engine/node_modules/___mime.npm'
verbose mkdir done: /home/r/Level3/FinalYearProject/Programming/Transaction_Engine/node_modules/___mime.npm 755
verbose unpack_ uid, gid [ undefined, undefined ]
verbose unpackTarget /home/r/Level3/FinalYearProject/Programming/Transaction_Engine/node_modules/mime
silly gunzTarPerm modes [ '755', '644' ]
silly spawning [ 'tar',
silly spawning   [ '-zmvxpf', '/home/r/.npm/mime/1.2.4/package.tgz' ],
silly spawning   '/home/r/Level3/FinalYearProject/Programming/Transaction_Engine/node_modules/___mime.npm' ]
silly tar out package/README.md
silly tar out package/LICENSE
silly tar out package/mime.js
silly tar out package/package.json
silly tar out package/test.js
silly tar out package/types/mime.types
silly tar out package/types/node.types
silly tar exit 0
silly asyncMap in gTP /home/r/Level3/FinalYearProject/Programming/Transaction_Engine/node_modules/___mime.npm/package
silly asyncMap in gTP /home/r/Level3/FinalYearProject/Programming/Transaction_Engine/node_modules/___mime.npm/package/LICENSE
silly asyncMap in gTP /home/r/Level3/FinalYearProject/Programming/Transaction_Engine/node_modules/___mime.npm/package/mime.js
silly asyncMap in gTP /home/r/Level3/FinalYearProject/Programming/Transaction_Engine/node_modules/___mime.npm/package/package.json
silly asyncMap in gTP /home/r/Level3/FinalYearProject/Programming/Transaction_Engine/node_modules/___mime.npm/package/README.md
silly asyncMap in gTP /home/r/Level3/FinalYearProject/Programming/Transaction_Engine/node_modules/___mime.npm/package/test.js
silly asyncMap in gTP /home/r/Level3/FinalYearProject/Programming/Transaction_Engine/node_modules/___mime.npm/package/types
silly asyncMap in gTP /home/r/Level3/FinalYearProject/Programming/Transaction_Engine/node_modules/___mime.npm/package/types/mime.types
silly asyncMap in gTP /home/r/Level3/FinalYearProject/Programming/Transaction_Engine/node_modules/___mime.npm/package/types/node.types
silly chmod LICENSE 755
silly chmod package 755
silly chmod package.json 755
silly chmod mime.js 755
silly chmod README.md 755
silly chmod mime.types 755
silly chmod types 755
silly chmod test.js 755
silly chmod node.types 755
verbose gunzed /home/r/Level3/FinalYearProject/Programming/Transaction_Engine/node_modules/___mime.npm/package
verbose rm'ed /home/r/Level3/FinalYearProject/Programming/Transaction_Engine/node_modules/mime
verbose renamed [ '/home/r/Level3/FinalYearProject/Programming/Transaction_Engine/node_modules/___mime.npm/package',
verbose renamed   '/home/r/Level3/FinalYearProject/Programming/Transaction_Engine/node_modules/mime' ]
ERR! error installing mime@1.2.4 Error: ENOENT, No such file or directory '/home/r/Level3/FinalYearProject/Programming/Transaction_Engine/node_modules/mime/package.json'
info unbuild /home/r/Level3/FinalYearProject/Programming/Transaction_Engine/node_modules/mime
ERR! error rolling back mime@1.2.4 Error: UNKNOWN, Unknown error '/home/r/Level3/FinalYearProject/Programming/Transaction_Engine/node_modules/mime'
verbose installOne cb mime@1.2.4
ERR! Error: ENOENT, No such file or directory '/home/r/Level3/FinalYearProject/Programming/Transaction_Engine/node_modules/mime/package.json'
ERR! Report this *entire* log at:
ERR!     <http://github.com/isaacs/npm/issues>
ERR! or email it to:
ERR!     <npm-@googlegroups.com>
ERR! 
ERR! System Linux 3.0.0-12-server
ERR! command "node" "/usr/local/bin/npm" "install" "mime"
ERR! cwd /home/r/Level3/FinalYearProject/Programming/Transaction_Engine
ERR! node -v v0.5.11-pre
ERR! npm -v 1.0.106
ERR! path /home/r/Level3/FinalYearProject/Programming/Transaction_Engine/node_modules/mime/package.json
ERR! code ENOENT
verbose exit [ 1, true ]
